2021-03-11 12:06:42am : ffmpeg -ss 4.843 -i http://localhost/exhibens/uploads/382166c7391f0307f2a234e7732121ef.mp4 -c copy -t 12.336 output.wmv------- Function Name: ajax_update_segment.
2021-03-11 12:06:58am : C:\ffmpeg\bin\ffmpeg.exe -i C:\xampp\htdocs\exhibens/uploads/segments/david/clip_ycMvL87cLx.mp4 -vf "fade=type=in:duration=2,fade=type=out:duration=2:start_time="10.336 -c:a copy C:\xampp\htdocs\exhibens/uploads/segments/david/fade_ZD68UyaItb.mp4------- Function Name: ajax_update_segment.
2021-03-12 12:25:00pm : C:\ffmpeg\bin\ffmpeg.exe -ss 11.04 -i http://localhost/exhibens/uploads/05379e967951ed33cd824af59b3da38d.mp4 -c copy -t 29.291 output.wmv------- Function Name: ajax_update_segment.
2021-03-12 12:25:46pm : C:\ffmpeg\bin\ffmpeg.exe -i C:\xampp\htdocs\exhibens/uploads/segments/david/clip_OYe9gtThJF.mp4 -vf "fade=type=in:duration=2,fade=type=out:duration=2:start_time="27.291 -c:a copy C:\xampp\htdocs\exhibens/uploads/segments/david/fade_5ssg22ZAjX.mp4------- Function Name: ajax_update_segment.
2021-03-15 08:32:04am : C:\ffmpeg\bin\ffmpeg.exe -ss 15.932 -i http://localhost/exhibens/uploads/56c566663196038d77662ca42bf8757d.mp4 -c copy -t 12.562 output.wmv------- Function Name: ajax_update_segment.
2021-03-15 08:32:23am : C:\ffmpeg\bin\ffmpeg.exe -i C:\xampp\htdocs\exhibens/uploads/segments/david/clip_s1Fc80Qw6K.mp4 -vf "fade=type=in:duration=1,fade=type=out:duration=3:start_time="9.562 -c:a copy C:\xampp\htdocs\exhibens/uploads/segments/david/fade_jwBQdoaXSe.mp4------- Function Name: ajax_update_segment.
2021-03-15 08:34:53am : C:\ffmpeg\bin\ffmpeg.exe -ss 4.843 -i http://localhost/exhibens/uploads/382166c7391f0307f2a234e7732121ef.mp4 -c copy -t 12.336 output.wmv------- Function Name: ajax_update_segment.
2021-03-15 08:36:30am : C:\ffmpeg\bin\ffmpeg.exe -ss 2.295 -i http://localhost/exhibens/uploads/382166c7391f0307f2a234e7732121ef.mp4 -c copy -t 11.09 output.wmv------- Function Name: ajax_update_segment.
2021-03-15 08:50:58am : C:\ffmpeg\bin\ffmpeg.exe -ss 15.361 -i http://localhost/exhibens/uploads/56c566663196038d77662ca42bf8757d.mp4 -c copy -t 19.872 output.wmv------- Function Name: ajax_save_segment.
2021-03-15 08:51:20am : C:\ffmpeg\bin\ffmpeg.exe -i C:\xampp\htdocs\exhibens/uploads/segments/david/clip_GleRJ1CTl7.mp4 -vf "fade=type=in:duration=2,fade=type=out:duration=5:start_time="14.872 -c:a copy C:\xampp\htdocs\exhibens/uploads/segments/david/fade_AYZlpwcICT.mp4------- Function Name: ajax_update_segment.
2021-03-17 11:46:06pm : C:\ffmpeg\bin\ffmpeg.exe -ss 15.932 -i http://localhost/exhibens/uploads/56c566663196038d77662ca42bf8757d.mp4 -c copy -t 19.129 output.wmv------- Function Name: ajax_update_segment.
2021-03-17 11:46:25pm : C:\ffmpeg\bin\ffmpeg.exe -i C:\xampp\htdocs\exhibens/uploads/segments/david/clip_d5JgwjKkd4.mp4 -vf "fade=type=in:duration=2,fade=type=out:duration=5:start_time="14.129 -c:a copy C:\xampp\htdocs\exhibens/uploads/segments/david/fade_SDaLLZur4N.mp4------- Function Name: ajax_update_segment.
2021-03-19 11:08:07am : C:\ffmpeg\bin\ffmpeg.exe -ss 15.932 -i http://localhost/exhibens/uploads/56c566663196038d77662ca42bf8757d.mp4 -c copy -t 19.129 output.wmv------- Function Name: ajax_update_segment.
2021-03-19 11:08:30am : C:\ffmpeg\bin\ffmpeg.exe -i C:\xampp\htdocs\exhibens/uploads/segments/david/clip_tOGETZMoNi.mp4 -vf "fade=type=in:duration=3.5,fade=type=out:duration=2.4:start_time="16.729 -c:a copy C:\xampp\htdocs\exhibens/uploads/segments/david/fade_bJSAhmYNfX.mp4------- Function Name: ajax_update_segment.
2021-03-19 11:32:20am : C:\ffmpeg\bin\ffmpeg.exe -ss 15.932 -i http://localhost/exhibens/uploads/56c566663196038d77662ca42bf8757d.mp4 -c copy -t 19.129 output.wmv------- Function Name: ajax_update_segment.
2021-03-19 11:32:42am : C:\ffmpeg\bin\ffmpeg.exe -i C:\xampp\htdocs\exhibens/uploads/segments/david/clip_aq2Bj20jnX.mp4 -vf "fade=type=in:duration=7,fade=type=out:duration=5:start_time="14.129 -c:a copy C:\xampp\htdocs\exhibens/uploads/segments/david/fade_aRK0V4wGOn.mp4------- Function Name: ajax_update_segment.
2021-03-19 11:35:55am : C:\ffmpeg\bin\ffmpeg.exe -ss 1.248 -i http://localhost/exhibens/uploads/382166c7391f0307f2a234e7732121ef.mp4 -c copy -t 16.953 output.wmv------- Function Name: ajax_update_segment.
2021-03-19 11:36:14am : C:\ffmpeg\bin\ffmpeg.exe -i C:\xampp\htdocs\exhibens/uploads/segments/david/clip_spgMdt5szu.mp4 -vf "fade=type=in:duration=6,fade=type=out:duration=3:start_time="13.953 -c:a copy C:\xampp\htdocs\exhibens/uploads/segments/david/fade_a8arO0if6U.mp4------- Function Name: ajax_update_segment.
2021-03-19 12:18:05pm : C:\ffmpeg\bin\ffmpeg.exe -ss 11.04 -i http://localhost/exhibens/uploads/05379e967951ed33cd824af59b3da38d.mp4 -c copy -t 22.081 output.wmv------- Function Name: ajax_update_segment.
2021-03-19 12:22:56pm : C:\ffmpeg\bin\ffmpeg.exe -ss 11.04 -i http://localhost/exhibens/uploads/05379e967951ed33cd824af59b3da38d.mp4 -c copy -t 18.206 output.wmv------- Function Name: ajax_update_segment.
2021-03-19 12:24:14pm : C:\ffmpeg\bin\ffmpeg.exe -ss 8.246 -i http://localhost/exhibens/uploads/05379e967951ed33cd824af59b3da38d.mp4 -c copy -t 26.317 output.wmv------- Function Name: ajax_update_segment.
2021-03-19 12:35:06pm : C:\ffmpeg\bin\ffmpeg.exe -ss 19.286 -i http://localhost/exhibens/uploads/05379e967951ed33cd824af59b3da38d.mp4 -c copy -t 19.478 output.wmv------- Function Name: ajax_update_segment.
2021-03-20 04:02:58am : C:\ffmpeg\bin\ffmpeg.exe -ss 19.286 -i http://localhost/exhibens/uploads/05379e967951ed33cd824af59b3da38d.mp4 -c copy -t 30 output.wmv------- Function Name: ajax_update_segment.
2021-03-20 09:11:18pm : C:\ffmpeg\bin\ffmpeg.exe -ss 19.286 -i http://localhost/exhibens/uploads/05379e967951ed33cd824af59b3da38d.mp4 -c copy -t 40 output.wmv------- Function Name: ajax_update_segment.
2021-03-21 09:38:47am : C:\ffmpeg\bin\ffmpeg.exe -ss 1.248 -i http://localhost/exhibens/uploads/382166c7391f0307f2a234e7732121ef.mp4 -c copy -t 16.953uploads/segments/clip_1HtLDPvDVL.mp4------- Function Name: preview_composite.
2021-03-22 02:49:51pm : C:\ffmpeg\bin\ffmpeg.exe -ss 1.248 -i http://localhost/exhibens/uploads/382166c7391f0307f2a234e7732121ef.mp4 -c copy -t 16.953uploads/segments/clip_geoj7lbX5w.mp4------- Function Name: preview_composite.
2021-03-22 02:53:57pm : C:\ffmpeg\bin\ffmpeg.exe -ss 1.248 -i http://localhost/exhibens/uploads/382166c7391f0307f2a234e7732121ef.mp4 -c copy -t 16.953uploads/segments/clip_RPqSCkR0L9.mp4------- Function Name: preview_composite.
2021-03-22 03:14:57pm : C:\ffmpeg\bin\ffmpeg.exe -ss 66.436 -i http://localhost/exhibens/uploads/56c566663196038d77662ca42bf8757d.mp4 -c copy -t 20.787 output.wmv------- Function Name: ajax_save_segment.
2021-03-22 03:17:49pm : C:\ffmpeg\bin\ffmpeg.exe -ss 6.521 -i http://localhost/exhibens/uploads/56c566663196038d77662ca42bf8757d.mp4 -c copy -t 15.624 output.wmv------- Function Name: ajax_save_segment.
2021-03-22 03:18:54pm : C:\ffmpeg\bin\ffmpeg.exe -ss 66.436 -i http://localhost/exhibens/uploads/56c566663196038d77662ca42bf8757d.mp4 -c copy -t 20.787uploads/segments/clip_MWLCO3pQfX.mp4------- Function Name: preview_composite.
2021-03-22 03:21:59pm : C:\ffmpeg\bin\ffmpeg.exe -ss 0 -i http://localhost/exhibens/uploads/382166c7391f0307f2a234e7732121ef.mp4 -c copy -t 20 output.wmv------- Function Name: ajax_save_segment.
2021-03-23 12:30:16pm : C:\ffmpeg\bin\ffmpeg.exe -ss 12.62 -i http://localhost/exhibens/uploads/56c566663196038d77662ca42bf8757d.mp4 -c copy -t 35.175 output.wmv------- Function Name: ajax_save_segment.
2021-03-23 12:31:32pm : C:\ffmpeg\bin\ffmpeg.exe -ss 21.071 -i http://localhost/exhibens/uploads/56c566663196038d77662ca42bf8757d.mp4 -c copy -t 23.755 output.wmv------- Function Name: ajax_save_segment.
2021-03-23 12:32:14pm : C:\ffmpeg\bin\ffmpeg.exe -ss 12.62 -i http://localhost/exhibens/uploads/56c566663196038d77662ca42bf8757d.mp4 -c copy -t 35.175uploads/segments/clip_3Ms72nZHbO.mp4------- Function Name: preview_composite.
2021-03-23 02:42:08pm : C:\ffmpeg\bin\ffmpeg.exe -ss 12.62 -i http://localhost/exhibens/uploads/56c566663196038d77662ca42bf8757d.mp4 -c copy -t 35.175uploads/segments/clip_vJYKIxlX5K.mp4------- Function Name: preview_composite.
